2021-11-01 10:32:11,920:INFO:ExperimentFactory:/media/external/android-runner/examples/VideoStreaming/config_web.json
2021-11-01 10:32:11,965:DEBUG:AndroidRunner.Adb:Device list:
{0: '520045b34a5f357f'}
2021-11-01 10:32:11,966:INFO:Device:Setting logcat buffer size to 57344K
2021-11-01 10:32:12,051:DEBUG:AndroidRunner.Adb:520045b34a5f357f: "logcat -G 57344K" returned: 

2021-11-01 10:32:12,067:DEBUG:PluginHandler:batterystats: Initialized
2021-11-01 10:32:12,068:DEBUG:Python3:Imported /media/external/android-runner/examples/VideoStreaming/Scripts/before_experiment.py
2021-11-01 10:32:12,069:DEBUG:Python3:Imported /media/external/android-runner/examples/VideoStreaming/Scripts/before_run.py
2021-11-01 10:32:12,069:DEBUG:Python3:Imported /media/external/android-runner/examples/VideoStreaming/Scripts/after_launch.py
2021-11-01 10:32:12,070:DEBUG:Python3:Imported /media/external/android-runner/examples/VideoStreaming/Scripts/interaction.py
2021-11-01 10:32:12,070:DEBUG:Python3:Imported /media/external/android-runner/examples/VideoStreaming/Scripts/before_close.py
2021-11-01 10:32:12,071:DEBUG:Python3:Imported /media/external/android-runner/examples/VideoStreaming/Scripts/after_run.py
2021-11-01 10:32:12,071:DEBUG:Python3:Imported /media/external/android-runner/examples/VideoStreaming/Scripts/after_experiment.py
2021-11-01 10:32:12,172:DEBUG:AndroidRunner.Adb:520045b34a5f357f: "getprop ro.build.version.release" returned: 
8.0.0

2021-11-01 10:32:12,233:DEBUG:AndroidRunner.Adb:520045b34a5f357f: "getprop ro.build.version.sdk" returned: 
26

2021-11-01 10:32:12,233:INFO:NativeExperiment:Device: duo (520045b34a5f357f, Android 8.0.0, API level 26)
2021-11-01 10:32:12,234:INFO:Profilers:Loading
2021-11-01 10:32:12,288:DEBUG:AndroidRunner.Adb:520045b34a5f357f: "getprop ro.build.version.release" returned: 
8.0.0

2021-11-01 10:32:12,352:DEBUG:AndroidRunner.Adb:520045b34a5f357f: "getprop ro.build.version.sdk" returned: 
26

2021-11-01 10:32:12,352:DEBUG:PluginHandler:Batterystats: duo (520045b34a5f357f, Android 8.0.0, API level 26): Loading configuration
2021-11-01 10:32:12,353:INFO:Device:Default unplug
2021-11-01 10:32:12,422:DEBUG:AndroidRunner.Adb:520045b34a5f357f: "getprop ro.build.version.sdk" returned: 
26

2021-11-01 10:32:12,505:DEBUG:AndroidRunner.Adb:520045b34a5f357f: "dumpsys battery unplug" returned: 

2021-11-01 10:32:12,594:DEBUG:AndroidRunner.Adb:520045b34a5f357f: "getprop ro.build.version.release" returned: 
8.0.0

2021-11-01 10:32:12,649:DEBUG:AndroidRunner.Adb:520045b34a5f357f: "getprop ro.build.version.sdk" returned: 
26

2021-11-01 10:32:12,650:DEBUG:Scripts:Running hook before_experiment on device duo (520045b34a5f357f, Android 8.0.0, API level 26)
args: ()
kwargs: {}
2021-11-01 10:32:12,662:INFO:Python3:before_experiment.py
2021-11-01 10:32:12,663:DEBUG:Python3:before_experiment.py returned None
2021-11-01 10:32:12,667:INFO:Profilers:Setting output
2021-11-01 10:32:12,669:DEBUG:PluginHandler:Batterystats: Setting output: /media/external/android-runner/examples/VideoStreaming/output/2021.11.01_103211/data/duo/tv-twitch-android-app/batterystats
2021-11-01 10:32:12,669:INFO:NativeExperiment:Run 1/30 of subject "tv.twitch.android.app" on duo
2021-11-01 10:32:12,765:DEBUG:AndroidRunner.Adb:520045b34a5f357f: "logcat -c" returned: 

2021-11-01 10:32:12,766:INFO:NativeExperiment:Logcat cleared
2021-11-01 10:32:12,819:DEBUG:AndroidRunner.Adb:520045b34a5f357f: "getprop ro.build.version.release" returned: 
8.0.0

2021-11-01 10:32:12,877:DEBUG:AndroidRunner.Adb:520045b34a5f357f: "getprop ro.build.version.sdk" returned: 
26

2021-11-01 10:32:12,878:DEBUG:Scripts:Running hook before_run on device duo (520045b34a5f357f, Android 8.0.0, API level 26)
args: ()
kwargs: {}
2021-11-01 10:32:12,889:INFO:Python3:before_run.py
2021-11-01 10:32:13,754:DEBUG:AndroidRunner.Adb:520045b34a5f357f: "input tap 670 88" returned: 

2021-11-01 10:32:58,540:DEBUG:AndroidRunner.Adb:520045b34a5f357f: "input tap 670 88" returned: 

2021-11-01 10:32:59,264:DEBUG:AndroidRunner.Adb:520045b34a5f357f: "input tap 670 88" returned: 

2021-11-01 10:32:59,972:DEBUG:AndroidRunner.Adb:520045b34a5f357f: "input tap 85 637" returned: 

2021-11-01 10:33:04,705:DEBUG:AndroidRunner.Adb:520045b34a5f357f: "input tap 650 1232" returned: 

2021-11-01 10:33:08,711:DEBUG:Python3:before_run.py returned None
2021-11-01 10:33:09,526:DEBUG:AndroidRunner.Adb:520045b34a5f357f: "monkey -p tv.twitch.android.app 1" returned: 
  bash arg: -p
  bash arg: tv.twitch.android.app
  bash arg: 1
args: [-p, tv.twitch.android.app, 1]
 arg: "-p"
 arg: "tv.twitch.android.app"
 arg: "1"
data="tv.twitch.android.app"
Events injected: 1
## Network stats: elapsed time=45ms (0ms mobile, 0ms wifi, 45ms not connected)

2021-11-01 10:33:10,647:DEBUG:AndroidRunner.Adb:520045b34a5f357f: "dumpsys activity recents | grep "Recent #0" | cut -d "=" -f2 | grep -o -p "[a-z|.]*"" returned: 
tv.twitch.android.app


2021-11-01 10:33:10,648:DEBUG:Device:Current activity: tv.twitch.android.app
2021-11-01 10:33:10,714:DEBUG:AndroidRunner.Adb:520045b34a5f357f: "getprop ro.build.version.release" returned: 
8.0.0

2021-11-01 10:33:10,780:DEBUG:AndroidRunner.Adb:520045b34a5f357f: "getprop ro.build.version.sdk" returned: 
26

2021-11-01 10:33:10,780:DEBUG:Scripts:Running hook after_launch on device duo (520045b34a5f357f, Android 8.0.0, API level 26)
args: ('520045b34a5f357f', 'tv.twitch.android.app')
kwargs: {}
2021-11-01 10:33:10,791:INFO:Python3:after_launch.py
2021-11-01 10:33:10,792:DEBUG:Python3:after_launch.py returned None
2021-11-01 10:33:10,796:INFO:Profilers:Start profiling
2021-11-01 10:33:10,839:DEBUG:AndroidRunner.Adb:520045b34a5f357f: "getprop ro.build.version.release" returned: 
8.0.0

2021-11-01 10:33:10,897:DEBUG:AndroidRunner.Adb:520045b34a5f357f: "getprop ro.build.version.sdk" returned: 
26

2021-11-01 10:33:10,898:DEBUG:PluginHandler:Batterystats: duo (520045b34a5f357f, Android 8.0.0, API level 26): Start profiling
2021-11-01 10:33:11,057:DEBUG:AndroidRunner.Adb:520045b34a5f357f: "dumpsys batterystats --reset" returned: 
Battery stats reset.

2021-11-01 10:33:11,125:DEBUG:AndroidRunner.Adb:520045b34a5f357f: "getprop ro.build.version.release" returned: 
8.0.0

2021-11-01 10:33:11,186:DEBUG:AndroidRunner.Adb:520045b34a5f357f: "getprop ro.build.version.sdk" returned: 
26

2021-11-01 10:33:11,187:DEBUG:Scripts:Running hook interaction on device duo (520045b34a5f357f, Android 8.0.0, API level 26)
args: (<AndroidRunner.NativeExperiment.NativeExperiment object at 0xb3ad4190>,)
kwargs: {}
2021-11-01 10:33:11,199:INFO:Python3:interaction.py
2021-11-01 10:33:11,286:DEBUG:AndroidRunner.Adb:520045b34a5f357f: "dumpsys activity recents | grep "Recent #0" | cut -d "=" -f2 | grep -o -p "[a-z|.]*"" returned: 
tv.twitch.android.app


2021-11-01 10:33:11,286:DEBUG:Device:Current activity: tv.twitch.android.app
2021-11-01 10:36:11,329:DEBUG:Python3:interaction.py returned None
2021-11-01 10:37:01,383:INFO:Profilers:Stop profiling
2021-11-01 10:37:01,450:DEBUG:AndroidRunner.Adb:520045b34a5f357f: "getprop ro.build.version.release" returned: 
8.0.0

2021-11-01 10:37:01,509:DEBUG:AndroidRunner.Adb:520045b34a5f357f: "getprop ro.build.version.sdk" returned: 
26

2021-11-01 10:37:01,509:DEBUG:PluginHandler:Batterystats: duo (520045b34a5f357f, Android 8.0.0, API level 26): Stop profiling
2021-11-01 10:37:01,597:DEBUG:AndroidRunner.Adb:520045b34a5f357f: "dumpsys activity recents | grep "Recent #0" | cut -d "=" -f2 | grep -o -p "[a-z|.]*"" returned: 
tv.twitch.android.app


2021-11-01 10:37:01,598:DEBUG:Device:Current activity: tv.twitch.android.app
2021-11-01 10:37:01,657:DEBUG:AndroidRunner.Adb:520045b34a5f357f: "getprop ro.build.version.release" returned: 
8.0.0

2021-11-01 10:37:01,714:DEBUG:AndroidRunner.Adb:520045b34a5f357f: "getprop ro.build.version.sdk" returned: 
26

2021-11-01 10:37:01,715:DEBUG:Scripts:Running hook before_close on device duo (520045b34a5f357f, Android 8.0.0, API level 26)
args: ('520045b34a5f357f', 'tv.twitch.android.app')
kwargs: {}
2021-11-01 10:37:01,726:INFO:Python3:before_close.py
2021-11-01 10:37:01,727:DEBUG:Python3:before_close.py returned None
2021-11-01 10:37:01,878:DEBUG:AndroidRunner.Adb:520045b34a5f357f: "am force-stop tv.twitch.android.app" returned: 

2021-11-01 10:37:04,958:DEBUG:AndroidRunner.Adb:520045b34a5f357f: "getprop ro.build.version.release" returned: 
8.0.0

2021-11-01 10:37:05,024:DEBUG:AndroidRunner.Adb:520045b34a5f357f: "getprop ro.build.version.sdk" returned: 
26

2021-11-01 10:37:05,025:DEBUG:Scripts:Running hook after_run on device duo (520045b34a5f357f, Android 8.0.0, API level 26)
args: ()
kwargs: {}
2021-11-01 10:37:05,036:INFO:Python3:after_run.py
2021-11-01 10:37:05,765:DEBUG:AndroidRunner.Adb:520045b34a5f357f: "input tap 600 1000" returned: 

2021-11-01 10:37:05,765:DEBUG:Python3:after_run.py returned None
2021-11-01 10:37:05,769:INFO:Profilers:Collecting results
2021-11-01 10:37:05,847:DEBUG:AndroidRunner.Adb:520045b34a5f357f: "getprop ro.build.version.release" returned: 
8.0.0

2021-11-01 10:37:05,909:DEBUG:AndroidRunner.Adb:520045b34a5f357f: "getprop ro.build.version.sdk" returned: 
26

2021-11-01 10:37:05,910:DEBUG:PluginHandler:Batterystats: duo (520045b34a5f357f, Android 8.0.0, API level 26): Collecting data
2021-11-01 10:37:05,974:DEBUG:AndroidRunner.Adb:520045b34a5f357f: "getprop ro.build.version.sdk" returned: 
26

2021-11-01 10:37:09,459:DEBUG:AndroidRunner.Adb:520045b34a5f357f: "logcat -f /mnt/sdcard/logcat.txt -d" returned: 

2021-11-01 10:37:10,622:DEBUG:AndroidRunner.Adb:520045b34a5f357f: "rm -f /mnt/sdcard/logcat.txt" returned: 

2021-11-01 10:37:10,745:DEBUG:AndroidRunner.Adb:520045b34a5f357f: "dumpsys batterystats --history" returned: 
Battery History (0% used, 440 used of 512KB, 7 strings using 342):
                    0 (14) RESET:TIME: 2021-11-01-11-33-15
                    0 (1) 100 status=full health=good plug=none temp=261 volt=4256 current=108 ap_temp=32 pst_temp=29 bat_temp=26 chg_temp=0 pa_temp=0 misc_event=0 online=4 current_event=0 charge=0 +running +wake_lock +wifi_multicast +wifi_radio +screen phone_state=emergency phone_signal_strength=great +wifi_running +wifi wifi_signal_strength=4 wifi_suppl=completed +ble_scan
                    0 (2) 100 fg=u0a160:"com.egorovandreyrm.pcapremote"
                    0 (2) 100 fg=u0a22:"com.sec.android.app.samsungapps"
                    0 (2) 100 top=u0a161:"tv.twitch.android.app"
                    0 (2) 100 user=0:"0"
                    0 (2) 100 userfg=0:"0"
                +18ms (3) 100 +audio stats=0:"dump"
             +8s888ms (3) 100 current=166 ap_temp=32 pst_temp=29 bat_temp=26 chg_temp=0 pa_temp=0
            +18s918ms (3) 100 current=183 ap_temp=31 pst_temp=29 bat_temp=26 chg_temp=0 pa_temp=0
            +28s953ms (3) 100 current=173 ap_temp=31 pst_temp=29 bat_temp=26 chg_temp=0 pa_temp=0
            +38s973ms (3) 100 current=168 ap_temp=31 pst_temp=30 bat_temp=26 chg_temp=0 pa_temp=0
            +49s001ms (3) 100 current=146 ap_temp=31 pst_temp=30 bat_temp=26 chg_temp=0 pa_temp=0
            +59s031ms (3) 100 current=151 ap_temp=32 pst_temp=30 bat_temp=26 chg_temp=0 pa_temp=0
          +1m00s081ms (2) 100 +longwake=u0a161:"AudioMix"
          +1m09s052ms (3) 100 current=157 ap_temp=32 pst_temp=30 bat_temp=26 chg_temp=0 pa_temp=0
          +1m19s077ms (3) 100 current=144 ap_temp=32 pst_temp=30 bat_temp=26 chg_temp=0 pa_temp=0
          +1m29s099ms (3) 100 current=140 ap_temp=32 pst_temp=30 bat_temp=26 chg_temp=0 pa_temp=0
          +1m39s123ms (3) 100 current=133 ap_temp=32 pst_temp=30 bat_temp=26 chg_temp=0 pa_temp=0
          +1m49s145ms (3) 100 current=123 ap_temp=32 pst_temp=30 bat_temp=26 chg_temp=0 pa_temp=0
          +1m59s172ms (3) 100 current=-136 ap_temp=32 pst_temp=30 bat_temp=26 chg_temp=0 pa_temp=0
          +2m09s193ms (3) 100 current=-279 ap_temp=32 pst_temp=31 bat_temp=26 chg_temp=0 pa_temp=0
          +2m19s218ms (3) 100 current=-283 ap_temp=32 pst_temp=31 bat_temp=26 chg_temp=0 pa_temp=0
          +2m29s240ms (3) 100 current=-292 ap_temp=32 pst_temp=31 bat_temp=26 chg_temp=0 pa_temp=0
          +2m39s269ms (3) 100 current=-297 ap_temp=32 pst_temp=31 bat_temp=26 chg_temp=0 pa_temp=0
          +2m49s296ms (3) 100 current=-307 ap_temp=32 pst_temp=31 bat_temp=26 chg_temp=0 pa_temp=0
          +2m59s323ms (3) 100 current=-32 ap_temp=32 pst_temp=31 bat_temp=26 chg_temp=0 pa_temp=0
          +3m09s355ms (3) 100 current=175 ap_temp=32 pst_temp=31 bat_temp=26 chg_temp=0 pa_temp=0
          +3m19s383ms (3) 100 current=175 ap_temp=33 pst_temp=31 bat_temp=26 chg_temp=0 pa_temp=0
          +3m29s422ms (3) 100 current=162 ap_temp=33 pst_temp=31 bat_temp=26 chg_temp=0 pa_temp=0
          +3m39s443ms (3) 100 current=147 ap_temp=33 pst_temp=31 bat_temp=26 chg_temp=0 pa_temp=0
          +3m49s466ms (3) 100 current=158 ap_temp=33 pst_temp=31 bat_temp=26 chg_temp=0 pa_temp=0
          +3m50s842ms (2) 100 -top=u0a161:"tv.twitch.android.app"
          +3m50s842ms (2) 100 +top=u0a74:"com.sec.android.app.launcher"
          +3m51s087ms (3) 100 -audio -longwake=u0a161:"AudioMix"
          +3m59s504ms (4) 100 current=145 ap_temp=33 pst_temp=31 bat_temp=26 chg_temp=0 pa_temp=0 stats=0:"dump"


2021-11-01 10:37:10,922:DEBUG:AndroidRunner.Adb:520045b34a5f357f: "dumpsys batterystats | grep "Computed drain:"" returned: 
    Capacity: 3000, Computed drain: 110, actual drain: 0

2021-11-01 10:37:11,071:DEBUG:AndroidRunner.Adb:520045b34a5f357f: "dumpsys batterystats | grep "volt="" returned: 
                    0 (1) 100 status=full health=good plug=none temp=261 volt=4256 current=108 ap_temp=32 pst_temp=29 bat_temp=26 chg_temp=0 pa_temp=0 misc_event=0 online=4 current_event=0 charge=0 +running +wake_lock +wifi_multicast +wifi_radio +screen phone_state=emergency phone_signal_strength=great +wifi_running +wifi wifi_signal_strength=4 wifi_suppl=completed +ble_scan

2021-11-01 10:37:29,910:DEBUG:AndroidRunner.Adb:520045b34a5f357f: "cat /proc/cpuinfo | grep processor | wc -l" returned: 
8

2021-11-01 10:37:29,968:INFO:NativeExperiment:Sleeping for 5000 milliseconds
2021-11-01 10:37:34,980:INFO:Profilers:Setting output
2021-11-01 10:37:34,980:DEBUG:PluginHandler:Batterystats: Setting output: /media/external/android-runner/examples/VideoStreaming/output/2021.11.01_103211/data/duo/tv-twitch-android-app/batterystats
2021-11-01 10:37:34,980:INFO:NativeExperiment:Run 2/30 of subject "tv.twitch.android.app" on duo
2021-11-01 10:37:35,175:DEBUG:AndroidRunner.Adb:520045b34a5f357f: "logcat -c" returned: 

2021-11-01 10:37:35,176:INFO:NativeExperiment:Logcat cleared
2021-11-01 10:37:35,249:DEBUG:AndroidRunner.Adb:520045b34a5f357f: "getprop ro.build.version.release" returned: 
8.0.0

2021-11-01 10:37:35,313:DEBUG:AndroidRunner.Adb:520045b34a5f357f: "getprop ro.build.version.sdk" returned: 
26

2021-11-01 10:37:35,314:DEBUG:Scripts:Running hook before_run on device duo (520045b34a5f357f, Android 8.0.0, API level 26)
args: ()
kwargs: {}
2021-11-01 10:37:35,326:INFO:Python3:before_run.py
2021-11-01 10:37:36,216:DEBUG:AndroidRunner.Adb:520045b34a5f357f: "input tap 670 88" returned: 

2021-11-01 10:38:20,990:DEBUG:AndroidRunner.Adb:520045b34a5f357f: "input tap 670 88" returned: 

2021-11-01 10:38:21,730:DEBUG:AndroidRunner.Adb:520045b34a5f357f: "input tap 670 88" returned: 

2021-11-01 10:38:22,421:DEBUG:AndroidRunner.Adb:520045b34a5f357f: "input tap 85 637" returned: 

2021-11-01 10:38:27,105:DEBUG:AndroidRunner.Adb:520045b34a5f357f: "input tap 650 1232" returned: 

2021-11-01 10:38:31,111:DEBUG:Python3:before_run.py returned None
2021-11-01 10:38:31,861:DEBUG:AndroidRunner.Adb:520045b34a5f357f: "monkey -p tv.twitch.android.app 1" returned: 
  bash arg: -p
  bash arg: tv.twitch.android.app
  bash arg: 1
args: [-p, tv.twitch.android.app, 1]
 arg: "-p"
 arg: "tv.twitch.android.app"
 arg: "1"
data="tv.twitch.android.app"
Events injected: 1
## Network stats: elapsed time=26ms (0ms mobile, 0ms wifi, 26ms not connected)

2021-11-01 10:38:32,928:DEBUG:AndroidRunner.Adb:520045b34a5f357f: "dumpsys activity recents | grep "Recent #0" | cut -d "=" -f2 | grep -o -p "[a-z|.]*"" returned: 
tv.twitch.android.app


2021-11-01 10:38:32,931:DEBUG:Device:Current activity: tv.twitch.android.app
2021-11-01 10:38:32,981:DEBUG:AndroidRunner.Adb:520045b34a5f357f: "getprop ro.build.version.release" returned: 
8.0.0

2021-11-01 10:38:33,032:DEBUG:AndroidRunner.Adb:520045b34a5f357f: "getprop ro.build.version.sdk" returned: 
26

2021-11-01 10:38:33,033:DEBUG:Scripts:Running hook after_launch on device duo (520045b34a5f357f, Android 8.0.0, API level 26)
args: ('520045b34a5f357f', 'tv.twitch.android.app')
kwargs: {}
2021-11-01 10:38:33,044:INFO:Python3:after_launch.py
2021-11-01 10:38:33,046:DEBUG:Python3:after_launch.py returned None
2021-11-01 10:38:33,049:INFO:Profilers:Start profiling
2021-11-01 10:38:33,105:DEBUG:AndroidRunner.Adb:520045b34a5f357f: "getprop ro.build.version.release" returned: 
8.0.0

2021-11-01 10:38:33,156:DEBUG:AndroidRunner.Adb:520045b34a5f357f: "getprop ro.build.version.sdk" returned: 
26

2021-11-01 10:38:33,157:DEBUG:PluginHandler:Batterystats: duo (520045b34a5f357f, Android 8.0.0, API level 26): Start profiling
2021-11-01 10:38:33,254:DEBUG:AndroidRunner.Adb:520045b34a5f357f: "dumpsys batterystats --reset" returned: 
Battery stats reset.

2021-11-01 10:38:33,326:DEBUG:AndroidRunner.Adb:520045b34a5f357f: "getprop ro.build.version.release" returned: 
8.0.0

2021-11-01 10:38:33,400:DEBUG:AndroidRunner.Adb:520045b34a5f357f: "getprop ro.build.version.sdk" returned: 
26

2021-11-01 10:38:33,401:DEBUG:Scripts:Running hook interaction on device duo (520045b34a5f357f, Android 8.0.0, API level 26)
args: (<AndroidRunner.NativeExperiment.NativeExperiment object at 0xb3ad4190>,)
kwargs: {}
2021-11-01 10:38:33,413:INFO:Python3:interaction.py
2021-11-01 10:38:33,539:DEBUG:AndroidRunner.Adb:520045b34a5f357f: "dumpsys activity recents | grep "Recent #0" | cut -d "=" -f2 | grep -o -p "[a-z|.]*"" returned: 
tv.twitch.android.app


2021-11-01 10:38:33,540:DEBUG:Device:Current activity: tv.twitch.android.app
2021-11-01 10:41:33,629:DEBUG:Python3:interaction.py returned None
2021-11-01 10:42:23,682:INFO:Profilers:Stop profiling
2021-11-01 10:42:23,761:DEBUG:AndroidRunner.Adb:520045b34a5f357f: "getprop ro.build.version.release" returned: 
8.0.0

2021-11-01 10:42:23,823:DEBUG:AndroidRunner.Adb:520045b34a5f357f: "getprop ro.build.version.sdk" returned: 
26

2021-11-01 10:42:23,823:DEBUG:PluginHandler:Batterystats: duo (520045b34a5f357f, Android 8.0.0, API level 26): Stop profiling
2021-11-01 10:42:23,903:DEBUG:AndroidRunner.Adb:520045b34a5f357f: "dumpsys activity recents | grep "Recent #0" | cut -d "=" -f2 | grep -o -p "[a-z|.]*"" returned: 
tv.twitch.android.app


2021-11-01 10:42:23,903:DEBUG:Device:Current activity: tv.twitch.android.app
2021-11-01 10:42:23,960:DEBUG:AndroidRunner.Adb:520045b34a5f357f: "getprop ro.build.version.release" returned: 
8.0.0

2021-11-01 10:42:24,020:DEBUG:AndroidRunner.Adb:520045b34a5f357f: "getprop ro.build.version.sdk" returned: 
26

2021-11-01 10:42:24,021:DEBUG:Scripts:Running hook before_close on device duo (520045b34a5f357f, Android 8.0.0, API level 26)
args: ('520045b34a5f357f', 'tv.twitch.android.app')
kwargs: {}
2021-11-01 10:42:24,032:INFO:Python3:before_close.py
2021-11-01 10:42:24,034:DEBUG:Python3:before_close.py returned None
2021-11-01 10:42:24,180:DEBUG:AndroidRunner.Adb:520045b34a5f357f: "am force-stop tv.twitch.android.app" returned: 

2021-11-01 10:42:27,264:DEBUG:AndroidRunner.Adb:520045b34a5f357f: "getprop ro.build.version.release" returned: 
8.0.0

2021-11-01 10:42:27,333:DEBUG:AndroidRunner.Adb:520045b34a5f357f: "getprop ro.build.version.sdk" returned: 
26

2021-11-01 10:42:27,333:DEBUG:Scripts:Running hook after_run on device duo (520045b34a5f357f, Android 8.0.0, API level 26)
args: ()
kwargs: {}
2021-11-01 10:42:27,345:INFO:Python3:after_run.py
2021-11-01 10:42:28,063:DEBUG:AndroidRunner.Adb:520045b34a5f357f: "input tap 600 1000" returned: 

2021-11-01 10:42:28,064:DEBUG:Python3:after_run.py returned None
2021-11-01 10:42:28,067:INFO:Profilers:Collecting results
2021-11-01 10:42:28,131:DEBUG:AndroidRunner.Adb:520045b34a5f357f: "getprop ro.build.version.release" returned: 
8.0.0

2021-11-01 10:42:28,201:DEBUG:AndroidRunner.Adb:520045b34a5f357f: "getprop ro.build.version.sdk" returned: 
26

2021-11-01 10:42:28,201:DEBUG:PluginHandler:Batterystats: duo (520045b34a5f357f, Android 8.0.0, API level 26): Collecting data
2021-11-01 10:42:28,266:DEBUG:AndroidRunner.Adb:520045b34a5f357f: "getprop ro.build.version.sdk" returned: 
26

2021-11-01 10:42:30,909:DEBUG:AndroidRunner.Adb:520045b34a5f357f: "logcat -f /mnt/sdcard/logcat.txt -d" returned: 

2021-11-01 10:42:31,791:DEBUG:AndroidRunner.Adb:520045b34a5f357f: "rm -f /mnt/sdcard/logcat.txt" returned: 

2021-11-01 10:42:31,923:DEBUG:AndroidRunner.Adb:520045b34a5f357f: "dumpsys batterystats --history" returned: 
Battery History (0% used, 460 used of 512KB, 8 strings using 554):
                    0 (14) RESET:TIME: 2021-11-01-11-38-37
                    0 (1) 100 status=full health=good plug=none temp=261 volt=4256 current=145 ap_temp=34 pst_temp=32 bat_temp=26 chg_temp=0 pa_temp=0 misc_event=0 online=4 current_event=0 charge=0 +running +wake_lock +wifi_multicast +wifi_radio +screen phone_state=emergency phone_signal_strength=great +wifi_running +wifi wifi_signal_strength=4 wifi_suppl=completed +ble_scan
                    0 (2) 100 fg=u0a160:"com.egorovandreyrm.pcapremote"
                    0 (2) 100 fg=u0a22:"com.sec.android.app.samsungapps"
                    0 (2) 100 top=u0a161:"tv.twitch.android.app"
                    0 (2) 100 user=0:"0"
                    0 (2) 100 userfg=0:"0"
                +14ms (3) 100 +audio stats=0:"dump"
               +609ms (2) 100 -audio
               +867ms (2) 100 +audio
             +7s489ms (3) 100 current=128 ap_temp=34 pst_temp=32 bat_temp=26 chg_temp=0 pa_temp=0
            +17s517ms (3) 100 current=143 ap_temp=33 pst_temp=32 bat_temp=26 chg_temp=0 pa_temp=0
            +27s541ms (3) 100 current=147 ap_temp=34 pst_temp=32 bat_temp=26 chg_temp=0 pa_temp=0
            +37s561ms (3) 100 current=148 ap_temp=34 pst_temp=33 bat_temp=26 chg_temp=0 pa_temp=0
            +47s586ms (3) 100 current=142 ap_temp=34 pst_temp=33 bat_temp=26 chg_temp=0 pa_temp=0
            +57s603ms (3) 100 current=123 ap_temp=34 pst_temp=33 bat_temp=26 chg_temp=0 pa_temp=0
          +1m00s906ms (2) 100 +longwake=u0a161:"AudioMix"
          +1m07s624ms (3) 100 current=136 ap_temp=34 pst_temp=33 bat_temp=26 chg_temp=0 pa_temp=0
          +1m17s645ms (3) 100 current=129 ap_temp=34 pst_temp=33 bat_temp=26 chg_temp=0 pa_temp=0
          +1m27s671ms (3) 100 current=135 ap_temp=34 pst_temp=33 bat_temp=26 chg_temp=0 pa_temp=0
          +1m37s693ms (3) 100 current=133 ap_temp=34 pst_temp=33 bat_temp=26 chg_temp=0 pa_temp=0
          +1m47s712ms (3) 100 current=14 ap_temp=34 pst_temp=33 bat_temp=26 chg_temp=0 pa_temp=0
          +1m57s731ms (3) 100 current=-276 ap_temp=34 pst_temp=33 bat_temp=26 chg_temp=0 pa_temp=0
          +2m07s760ms (3) 100 current=-322 ap_temp=34 pst_temp=33 bat_temp=26 chg_temp=0 pa_temp=0
          +2m17s788ms (3) 100 current=-267 ap_temp=34 pst_temp=33 bat_temp=26 chg_temp=0 pa_temp=0
          +2m27s807ms (3) 100 current=121 ap_temp=34 pst_temp=33 bat_temp=26 chg_temp=0 pa_temp=0
          +2m37s835ms (3) 100 current=151 ap_temp=34 pst_temp=33 bat_temp=26 chg_temp=0 pa_temp=0
          +2m47s856ms (3) 100 current=161 ap_temp=34 pst_temp=33 bat_temp=26 chg_temp=0 pa_temp=0
          +2m57s875ms (3) 100 current=147 ap_temp=35 pst_temp=33 bat_temp=26 chg_temp=0 pa_temp=0
          +3m07s899ms (3) 100 current=153 ap_temp=34 pst_temp=33 bat_temp=26 chg_temp=0 pa_temp=0
          +3m17s920ms (3) 100 current=134 ap_temp=35 pst_temp=33 bat_temp=26 chg_temp=0 pa_temp=0
          +3m27s945ms (3) 100 current=-263 ap_temp=35 pst_temp=33 bat_temp=26 chg_temp=0 pa_temp=0
          +3m29s486ms (2) 100 +job=u0a76:"com.google.android.googlequicksearchbox/com.google.android.apps.gsa.tasks.BackgroundTasksJobService"
          +3m29s555ms (2) 100 -job=u0a76:"com.google.android.googlequicksearchbox/com.google.android.apps.gsa.tasks.BackgroundTasksJobService"
          +3m37s971ms (3) 100 current=-343 ap_temp=35 pst_temp=34 bat_temp=26 chg_temp=0 pa_temp=0
          +3m50s932ms (2) 100 -top=u0a161:"tv.twitch.android.app"
          +3m50s932ms (3) 100 -audio +top=u0a74:"com.sec.android.app.launcher"
          +3m51s189ms (2) 100 -longwake=u0a161:"AudioMix"
          +3m58s018ms (4) 100 current=85 ap_temp=35 pst_temp=34 bat_temp=26 chg_temp=0 pa_temp=0 stats=0:"dump"


2021-11-01 10:42:32,113:DEBUG:AndroidRunner.Adb:520045b34a5f357f: "dumpsys batterystats | grep "Computed drain:"" returned: 
    Capacity: 3000, Computed drain: 95.5, actual drain: 0

2021-11-01 10:42:32,272:DEBUG:AndroidRunner.Adb:520045b34a5f357f: "dumpsys batterystats | grep "volt="" returned: 
                    0 (1) 100 status=full health=good plug=none temp=261 volt=4256 current=145 ap_temp=34 pst_temp=32 bat_temp=26 chg_temp=0 pa_temp=0 misc_event=0 online=4 current_event=0 charge=0 +running +wake_lock +wifi_multicast +wifi_radio +screen phone_state=emergency phone_signal_strength=great +wifi_running +wifi wifi_signal_strength=4 wifi_suppl=completed +ble_scan

2021-11-01 10:42:51,765:DEBUG:AndroidRunner.Adb:520045b34a5f357f: "cat /proc/cpuinfo | grep processor | wc -l" returned: 
8

2021-11-01 10:42:51,821:INFO:NativeExperiment:Sleeping for 5000 milliseconds
2021-11-01 10:42:56,833:INFO:Profilers:Setting output
2021-11-01 10:42:56,834:DEBUG:PluginHandler:Batterystats: Setting output: /media/external/android-runner/examples/VideoStreaming/output/2021.11.01_103211/data/duo/tv-twitch-android-app/batterystats
2021-11-01 10:42:56,834:INFO:NativeExperiment:Run 3/30 of subject "tv.twitch.android.app" on duo
2021-11-01 10:42:57,006:DEBUG:AndroidRunner.Adb:520045b34a5f357f: "logcat -c" returned: 

2021-11-01 10:42:57,007:INFO:NativeExperiment:Logcat cleared
2021-11-01 10:42:57,074:DEBUG:AndroidRunner.Adb:520045b34a5f357f: "getprop ro.build.version.release" returned: 
8.0.0

2021-11-01 10:42:57,142:DEBUG:AndroidRunner.Adb:520045b34a5f357f: "getprop ro.build.version.sdk" returned: 
26

2021-11-01 10:42:57,143:DEBUG:Scripts:Running hook before_run on device duo (520045b34a5f357f, Android 8.0.0, API level 26)
args: ()
kwargs: {}
2021-11-01 10:42:57,154:INFO:Python3:before_run.py
2021-11-01 10:42:58,070:DEBUG:AndroidRunner.Adb:520045b34a5f357f: "input tap 670 88" returned: 

2021-11-01 10:43:42,915:DEBUG:AndroidRunner.Adb:520045b34a5f357f: "input tap 670 88" returned: 

2021-11-01 10:43:43,582:DEBUG:AndroidRunner.Adb:520045b34a5f357f: "input tap 670 88" returned: 

2021-11-01 10:43:44,305:DEBUG:AndroidRunner.Adb:520045b34a5f357f: "input tap 85 637" returned: 

2021-11-01 10:43:48,995:DEBUG:AndroidRunner.Adb:520045b34a5f357f: "input tap 650 1232" returned: 

2021-11-01 10:43:53,001:DEBUG:Python3:before_run.py returned None
2021-11-01 10:43:53,766:DEBUG:AndroidRunner.Adb:520045b34a5f357f: "monkey -p tv.twitch.android.app 1" returned: 
  bash arg: -p
  bash arg: tv.twitch.android.app
  bash arg: 1
args: [-p, tv.twitch.android.app, 1]
 arg: "-p"
 arg: "tv.twitch.android.app"
 arg: "1"
data="tv.twitch.android.app"
Events injected: 1
## Network stats: elapsed time=30ms (0ms mobile, 0ms wifi, 30ms not connected)

2021-11-01 10:43:54,833:DEBUG:AndroidRunner.Adb:520045b34a5f357f: "dumpsys activity recents | grep "Recent #0" | cut -d "=" -f2 | grep -o -p "[a-z|.]*"" returned: 
tv.twitch.android.app


2021-11-01 10:43:54,837:DEBUG:Device:Current activity: tv.twitch.android.app
2021-11-01 10:43:54,889:DEBUG:AndroidRunner.Adb:520045b34a5f357f: "getprop ro.build.version.release" returned: 
8.0.0

2021-11-01 10:43:54,939:DEBUG:AndroidRunner.Adb:520045b34a5f357f: "getprop ro.build.version.sdk" returned: 
26

2021-11-01 10:43:54,940:DEBUG:Scripts:Running hook after_launch on device duo (520045b34a5f357f, Android 8.0.0, API level 26)
args: ('520045b34a5f357f', 'tv.twitch.android.app')
kwargs: {}
2021-11-01 10:43:54,951:INFO:Python3:after_launch.py
2021-11-01 10:43:54,952:DEBUG:Python3:after_launch.py returned None
2021-11-01 10:43:54,956:INFO:Profilers:Start profiling
2021-11-01 10:43:55,021:DEBUG:AndroidRunner.Adb:520045b34a5f357f: "getprop ro.build.version.release" returned: 
8.0.0

2021-11-01 10:43:55,077:DEBUG:AndroidRunner.Adb:520045b34a5f357f: "getprop ro.build.version.sdk" returned: 
26

2021-11-01 10:43:55,078:DEBUG:PluginHandler:Batterystats: duo (520045b34a5f357f, Android 8.0.0, API level 26): Start profiling
2021-11-01 10:43:55,178:DEBUG:AndroidRunner.Adb:520045b34a5f357f: "dumpsys batterystats --reset" returned: 
Battery stats reset.

2021-11-01 10:43:55,244:DEBUG:AndroidRunner.Adb:520045b34a5f357f: "getprop ro.build.version.release" returned: 
8.0.0

2021-11-01 10:43:55,299:DEBUG:AndroidRunner.Adb:520045b34a5f357f: "getprop ro.build.version.sdk" returned: 
26

2021-11-01 10:43:55,300:DEBUG:Scripts:Running hook interaction on device duo (520045b34a5f357f, Android 8.0.0, API level 26)
args: (<AndroidRunner.NativeExperiment.NativeExperiment object at 0xb3ad4190>,)
kwargs: {}
2021-11-01 10:43:55,312:INFO:Python3:interaction.py
2021-11-01 10:43:55,384:DEBUG:AndroidRunner.Adb:520045b34a5f357f: "dumpsys activity recents | grep "Recent #0" | cut -d "=" -f2 | grep -o -p "[a-z|.]*"" returned: 
tv.twitch.android.app


2021-11-01 10:43:55,385:DEBUG:Device:Current activity: tv.twitch.android.app
2021-11-01 10:44:26,034:DEBUG:AndroidRunner.Adb:520045b34a5f357f: "dumpsys battery reset" returned: 

2021-11-01 10:44:26,035:INFO:Profilers:Stop profiling
2021-11-01 10:44:26,108:DEBUG:AndroidRunner.Adb:520045b34a5f357f: "getprop ro.build.version.release" returned: 
8.0.0

2021-11-01 10:44:26,189:DEBUG:AndroidRunner.Adb:520045b34a5f357f: "getprop ro.build.version.sdk" returned: 
26

2021-11-01 10:44:26,189:DEBUG:PluginHandler:Batterystats: duo (520045b34a5f357f, Android 8.0.0, API level 26): Stop profiling
2021-11-01 10:44:26,189:INFO:Profilers:Unloading
2021-11-01 10:44:26,245:DEBUG:AndroidRunner.Adb:520045b34a5f357f: "getprop ro.build.version.release" returned: 
8.0.0

2021-11-01 10:44:26,309:DEBUG:AndroidRunner.Adb:520045b34a5f357f: "getprop ro.build.version.sdk" returned: 
26

2021-11-01 10:44:26,310:DEBUG:PluginHandler:Batterystats: duo (520045b34a5f357f, Android 8.0.0, API level 26): Cleanup
2021-11-01 10:44:27,040:DEBUG:AndroidRunner.Adb:520045b34a5f357f: "pm list packages" returned: 
package:com.samsung.android.provider.filterprovider
package:com.monotype.android.font.rosemary
package:com.sec.android.app.DataCreate
package:com.android.cts.priv.ctsshim
package:com.gd.mobicore.pa
package:com.sec.android.widgetapp.samsungapps
package:com.google.android.youtube
package:com.samsung.android.app.galaxyfinder
package:com.sec.location.nsflp2
package:stericson.busybox
package:com.samsung.android.themestore
package:com.sec.android.app.chromecustomizations
package:com.google.android.ext.services
package:com.android.providers.telephony
package:com.sec.android.app.parser
package:com.samsung.android.applock
package:com.google.android.googlequicksearchbox
package:com.samsung.android.calendar
package:com.android.providers.calendar
package:com.osp.app.signin
package:com.samsung.clipboardsaveservice
package:com.sec.automation
package:com.android.providers.media
package:com.google.android.onetimeinitializer
package:com.sec.android.mimage.gear360editor
package:com.google.android.ext.shared
package:com.android.wallpapercropper
package:com.samsung.android.provider.shootingmodeprovider
package:com.samsung.android.wallpaper.res
package:com.samsung.android.app.withtv
package:com.samsung.android.smartmirroring
package:com.skms.android.agent
package:com.sec.android.app.safetyassurance
package:com.samsung.android.incallui
package:com.samsung.android.knox.containercore
package:com.sec.factory.camera
package:com.sec.vsimservice
package:org.simalliance.openmobileapi.service
package:com.sec.usbsettings
package:com.samsung.android.easysetup
package:com.android.documentsui
package:android.auto_generated_rro__
package:com.android.externalstorage
package:com.sec.android.easyonehand
package:com.sec.android.app.camerabokehservice
package:com.sec.factory
package:com.samsung.android.provider.stickerprovider
package:com.android.htmlviewer
package:com.android.companiondevicemanager
package:com.android.mms.service
package:com.samsung.android.rubin.app
package:com.sec.android.wallpapercropper2
package:com.android.providers.downloads
package:com.diotek.sec.lookup.dictionary
package:com.sec.android.easyMover.Agent
package:com.samsung.ucs.agent.boot
package:com.wsomacp
package:com.samsung.faceservice
package:com.monotype.android.font.foundation
package:com.sec.android.widgetapp.easymodecontactswidget
package:com.samsung.android.MtpApplication
package:com.sec.android.app.factorykeystring
package:com.sec.android.app.samsungapps
package:com.sec.android.emergencymode.service
package:com.google.android.configupdater
package:com.sec.android.app.wlantest
package:com.microsoft.office.excel
package:com.samsung.android.app.camera.sticker.facear.preload
package:com.sec.android.app.billing
package:com.sec.epdgtestapp
package:com.samsung.android.game.gamehome
package:com.android.defcontainer
package:com.sec.android.daemonapp
package:com.sec.ims
package:com.sec.sve
package:com.sec.enterprise.knox.attestation
package:com.android.providers.downloads.ui
package:com.android.vending
package:com.android.pacprocessor
package:com.dsi.ant.service.socket
package:com.sec.android.AutoPreconfig
package:com.microsoft.skydrive
package:com.samsung.android.SettingsReceiver
package:com.sec.android.app.soundalive
package:com.sec.android.providers.security
package:com.sec.android.provider.badge
package:com.android.certinstaller
package:com.samsung.android.securitylogagent
package:com.android.carrierconfig
package:com.google.android.marvin.talkback
package:com.samsung.android.knox.containeragent
package:com.samsung.android.app.assistantmenu
package:com.samsung.SMT
package:com.samsung.cmh
package:com.samsung.mlp
package:com.samsung.knox.securefolder.setuppage
package:com.sec.factory.iris.usercamera
package:android
package:com.samsung.knox.keychain
package:com.samsung.android.app.multiwindow
package:com.samsung.android.sm.devicesecurity
package:com.dsi.ant.sample.acquirechannels
package:com.android.egg
package:com.android.mtp
package:com.android.stk
package:com.samsung.android.messaging
package:com.android.backupconfirm
package:com.samsung.klmsagent
package:com.sec.android.app.SecSetupWizard
package:com.android.statementservice
package:com.google.android.gm
package:com.sec.android.app.hwmoduletest
package:com.sec.bcservice
package:com.sec.modem.settings
package:com.sec.android.app.sysscope
package:com.samsung.android.providers.context
package:com.sec.android.app.servicemodeapp
package:com.sec.android.preloadinstaller
package:com.sec.android.uibcvirtualsoftkey
package:com.google.android.setupwizard
package:com.samsung.android.sdk.professionalaudio.utility.jammonitor
package:com.sec.android.gallery3d
package:com.android.providers.settings
package:com.sec.imsservice
package:com.android.sharedstoragebackup
package:com.facebook.services
package:com.samsung.android.mobileservice
package:com.android.printspooler
package:com.samsung.storyservice
package:com.android.dreams.basic
package:com.android.inputdevices
package:com.samsung.knox.securefolder
package:com.android.bips
package:com.android.stk2
package:com.samsung.android.game.gametools
package:com.kingoapp.apk
package:com.samsung.android.app.simplesharing
package:com.samsung.android.da.daagent
package:com.samsung.android.app.reminder
package:com.samsung.android.timezone.autoupdate_O
package:com.samsung.android.smartcallprovider
package:com.google.android.apps.maps
package:com.sec.enterprise.mdm.vpn
package:com.dsi.ant.plugins.antplus
package:com.microsoft.office.word
package:com.samsung.advp.imssettings
package:com.samsung.android.location
package:com.sec.android.inputmethod
package:com.sec.android.app.clockpackage
package:com.sec.android.RilServiceModeApp
package:com.google.android.webview
package:com.sec.android.app.simsettingmgr
package:com.microsoft.office.powerpoint
package:com.android.server.telecom
package:com.google.android.syncadapters.contacts
package:com.samsung.crane
package:com.sec.imslogger
package:com.samsung.android.clipboarduiservice
package:com.android.keychain
package:com.android.chrome
package:com.samsung.android.themecenter
package:com.google.android.packageinstaller
package:com.google.android.gms
package:com.google.android.gsf
package:com.google.android.tts
package:android.autoinstalls.config.samsung
package:tv.twitch.android.app
package:com.android.calllogbackup
package:com.google.android.partnersetup
package:com.sec.android.diagmonagent
package:com.sec.spp.push
package:com.android.carrierdefaultapp
package:com.dsi.ant.server
package:com.sec.android.app.myfiles
package:com.android.proxyhandler
package:com.samsung.android.allshare.service.fileshare
package:com.sec.android.mimage.photoretouching
package:com.sec.android.app.launcher
package:flipboard.boxer.app
package:com.google.android.feedback
package:com.google.android.printservice.recommendation
package:com.google.android.syncadapters.calendar
package:com.android.managedprovisioning
package:com.samsung.android.authfw
package:com.monotype.android.font.chococooky
package:com.android.dreams.phototable
package:com.sec.android.service.health
package:com.samsung.safetyinformation
package:com.facebook.katana
package:com.samsung.android.dqagent
package:com.sec.android.app.ringtoneBR
package:com.android.providers.partnerbookmarks
package:com.samsung.android.app.accesscontrol
package:com.android.wallpaper.livepicker
package:com.samsung.android.beaconmanager
package:com.sec.enterprise.mdm.services.simpin
package:com.samsung.networkui
package:com.samsung.android.stickercenter
package:com.facebook.system
package:com.sec.android.soagent
package:com.samsung.android.fmm
package:com.samsung.android.mdm
package:com.samsung.android.rlc
package:com.sec.phone
package:com.google.android.backuptransport
package:com.samsung.android.samsungpass
package:com.android.storagemanager
package:com.samsung.android.scloud
package:com.samsung.android.app.soundpicker
package:com.sec.app.RilErrorNotifier
package:com.android.bookmarkprovider
package:com.linkedin.android
package:com.android.settings
package:com.samsung.app.newtrim
package:com.samsung.android.app.color
package:com.samsung.android.lool
package:com.sec.android.app.bluetoothtest
package:com.samsung.android.app.spage
package:com.egorovandreyrm.pcapremote
package:com.sec.android.emergencylauncher
package:com.sec.hearingadjust
package:com.samsung.android.dlp.service
package:com.samsung.android.bbc.bbcagent
package:com.knox.vpn.proxyhandler
package:com.android.cts.ctsshim
package:com.samsung.android.stickerplugin
package:com.sec.android.splitsound
package:com.wssnps
package:com.samsung.android.app.watchmanagerstub
package:com.samsung.android.svcagent
package:com.policydm
package:com.samsung.android.sdk.professionalaudio.app.audioconnectionservice
package:com.enhance.gameservice
package:com.samsung.android.shortcutbackupservice
package:com.android.vpndialogs
package:com.samsung.android.providers.contacts
package:com.samsung.dcmservice
package:com.android.phone
package:com.android.shell
package:com.android.wallpaperbackup
package:com.android.providers.blockednumber
package:com.samsung.android.app.omcagent
package:com.hiya.star
package:com.android.providers.userdictionary
package:com.sec.enterprise.knox.cloudmdm.smdms
package:com.samsung.android.app.camera.sticker.stamp.preload
package:com.android.emergency
package:com.wssyncmldm
package:com.android.location.fused
package:com.samsung.android.samsungpassautofill
package:com.sec.epdg
package:com.android.systemui
package:com.sec.android.app.personalization
package:com.monotype.android.font.cooljazz
package:com.android.bluetoothmidiservice
package:com.samsung.android.sdk.handwriting
package:com.facebook.appmanager
package:com.samsung.android.app.clockpack
package:com.quicinc.trepn
package:com.samsung.aasaservice
package:com.samsung.android.allshare.service.mediashare
package:com.sec.android.app.fm
package:com.sec.android.provider.emergencymode
package:com.samsung.android.fingerprint.service
package:com.sec.android.app.camera
package:com.android.bluetooth
package:com.samsung.android.contacts
package:com.sec.android.app.magnifier
package:com.sec.android.widgetapp.webmanual
package:com.samsung.sec.android.application.csc
package:com.android.captiveportallogin
package:com.samsung.upsmtheme
package:com.samsung.android.coreapps
package:com.samsung.android.app.dofviewer
package:com.samsung.android.bio.face.service
package:com.samsung.android.video

2021-11-01 10:44:27,041:ERROR:root:Experiment stopped by user. To continue, add progress file argument to experiment startup: --progress /media/external/android-runner/examples/VideoStreaming/output/2021.11.01_103211/progress.xml
