2021-11-01 10:22:01,308:INFO:ExperimentFactory:/media/external/android-runner/examples/VideoStreaming/config_web.json
2021-11-01 10:22:01,360:DEBUG:AndroidRunner.Adb:Device list:
{0: '520045b34a5f357f'}
2021-11-01 10:22:01,361:INFO:Device:Setting logcat buffer size to 57344K
2021-11-01 10:22:01,454:DEBUG:AndroidRunner.Adb:520045b34a5f357f: "logcat -G 57344K" returned: 

2021-11-01 10:22:01,475:DEBUG:PluginHandler:batterystats: Initialized
2021-11-01 10:22:01,476:DEBUG:Python3:Imported /media/external/android-runner/examples/VideoStreaming/Scripts/before_experiment.py
2021-11-01 10:22:01,477:DEBUG:Python3:Imported /media/external/android-runner/examples/VideoStreaming/Scripts/before_run.py
2021-11-01 10:22:01,478:DEBUG:Python3:Imported /media/external/android-runner/examples/VideoStreaming/Scripts/after_launch.py
2021-11-01 10:22:01,478:DEBUG:Python3:Imported /media/external/android-runner/examples/VideoStreaming/Scripts/interaction.py
2021-11-01 10:22:01,479:DEBUG:Python3:Imported /media/external/android-runner/examples/VideoStreaming/Scripts/before_close.py
2021-11-01 10:22:01,480:DEBUG:Python3:Imported /media/external/android-runner/examples/VideoStreaming/Scripts/after_run.py
2021-11-01 10:22:01,481:DEBUG:Python3:Imported /media/external/android-runner/examples/VideoStreaming/Scripts/after_experiment.py
2021-11-01 10:22:01,585:DEBUG:AndroidRunner.Adb:520045b34a5f357f: "getprop ro.build.version.release" returned: 
8.0.0

2021-11-01 10:22:01,651:DEBUG:AndroidRunner.Adb:520045b34a5f357f: "getprop ro.build.version.sdk" returned: 
26

2021-11-01 10:22:01,652:INFO:NativeExperiment:Device: duo (520045b34a5f357f, Android 8.0.0, API level 26)
2021-11-01 10:22:01,652:INFO:Profilers:Loading
2021-11-01 10:22:01,712:DEBUG:AndroidRunner.Adb:520045b34a5f357f: "getprop ro.build.version.release" returned: 
8.0.0

2021-11-01 10:22:01,765:DEBUG:AndroidRunner.Adb:520045b34a5f357f: "getprop ro.build.version.sdk" returned: 
26

2021-11-01 10:22:01,766:DEBUG:PluginHandler:Batterystats: duo (520045b34a5f357f, Android 8.0.0, API level 26): Loading configuration
2021-11-01 10:22:01,766:INFO:Device:Default unplug
2021-11-01 10:22:01,820:DEBUG:AndroidRunner.Adb:520045b34a5f357f: "getprop ro.build.version.sdk" returned: 
26

2021-11-01 10:22:01,888:DEBUG:AndroidRunner.Adb:520045b34a5f357f: "dumpsys battery unplug" returned: 

2021-11-01 10:22:01,966:DEBUG:AndroidRunner.Adb:520045b34a5f357f: "getprop ro.build.version.release" returned: 
8.0.0

2021-11-01 10:22:02,024:DEBUG:AndroidRunner.Adb:520045b34a5f357f: "getprop ro.build.version.sdk" returned: 
26

2021-11-01 10:22:02,025:DEBUG:Scripts:Running hook before_experiment on device duo (520045b34a5f357f, Android 8.0.0, API level 26)
args: ()
kwargs: {}
2021-11-01 10:22:02,036:INFO:Python3:before_experiment.py
2021-11-01 10:22:02,038:DEBUG:Python3:before_experiment.py returned None
2021-11-01 10:22:02,042:INFO:Profilers:Setting output
2021-11-01 10:22:02,043:DEBUG:PluginHandler:Batterystats: Setting output: /media/external/android-runner/examples/VideoStreaming/output/2021.11.01_102201/data/duo/tv-twitch-android-app/batterystats
2021-11-01 10:22:02,043:INFO:NativeExperiment:Run 1/30 of subject "tv.twitch.android.app" on duo
2021-11-01 10:22:02,182:DEBUG:AndroidRunner.Adb:520045b34a5f357f: "logcat -c" returned: 

2021-11-01 10:22:02,183:INFO:NativeExperiment:Logcat cleared
2021-11-01 10:22:02,234:DEBUG:AndroidRunner.Adb:520045b34a5f357f: "getprop ro.build.version.release" returned: 
8.0.0

2021-11-01 10:22:02,288:DEBUG:AndroidRunner.Adb:520045b34a5f357f: "getprop ro.build.version.sdk" returned: 
26

2021-11-01 10:22:02,289:DEBUG:Scripts:Running hook before_run on device duo (520045b34a5f357f, Android 8.0.0, API level 26)
args: ()
kwargs: {}
2021-11-01 10:22:02,300:INFO:Python3:before_run.py
2021-11-01 10:22:03,264:DEBUG:AndroidRunner.Adb:520045b34a5f357f: "input tap 670 88" returned: 

2021-11-01 10:22:47,977:DEBUG:AndroidRunner.Adb:520045b34a5f357f: "input tap 670 88" returned: 

2021-11-01 10:22:48,690:DEBUG:AndroidRunner.Adb:520045b34a5f357f: "input tap 670 88" returned: 

2021-11-01 10:22:49,418:DEBUG:AndroidRunner.Adb:520045b34a5f357f: "input tap 85 637" returned: 

2021-11-01 10:22:54,129:DEBUG:AndroidRunner.Adb:520045b34a5f357f: "input tap 650 1232" returned: 

2021-11-01 10:22:58,134:DEBUG:Python3:before_run.py returned None
2021-11-01 10:22:58,924:DEBUG:AndroidRunner.Adb:520045b34a5f357f: "monkey -p tv.twitch.android.app 1" returned: 
  bash arg: -p
  bash arg: tv.twitch.android.app
  bash arg: 1
args: [-p, tv.twitch.android.app, 1]
 arg: "-p"
 arg: "tv.twitch.android.app"
 arg: "1"
data="tv.twitch.android.app"
Events injected: 1
## Network stats: elapsed time=33ms (0ms mobile, 0ms wifi, 33ms not connected)

2021-11-01 10:23:00,054:DEBUG:AndroidRunner.Adb:520045b34a5f357f: "dumpsys activity recents | grep "Recent #0" | cut -d "=" -f2 | grep -o -p "[a-z|.]*"" returned: 
tv.twitch.android.app


2021-11-01 10:23:00,055:DEBUG:Device:Current activity: tv.twitch.android.app
2021-11-01 10:23:00,156:DEBUG:AndroidRunner.Adb:520045b34a5f357f: "getprop ro.build.version.release" returned: 
8.0.0

2021-11-01 10:23:00,209:DEBUG:AndroidRunner.Adb:520045b34a5f357f: "getprop ro.build.version.sdk" returned: 
26

2021-11-01 10:23:00,209:DEBUG:Scripts:Running hook after_launch on device duo (520045b34a5f357f, Android 8.0.0, API level 26)
args: ('520045b34a5f357f', 'tv.twitch.android.app')
kwargs: {}
2021-11-01 10:23:00,220:INFO:Python3:after_launch.py
2021-11-01 10:23:00,222:DEBUG:Python3:after_launch.py returned None
2021-11-01 10:23:00,225:INFO:Profilers:Start profiling
2021-11-01 10:23:00,278:DEBUG:AndroidRunner.Adb:520045b34a5f357f: "getprop ro.build.version.release" returned: 
8.0.0

2021-11-01 10:23:00,329:DEBUG:AndroidRunner.Adb:520045b34a5f357f: "getprop ro.build.version.sdk" returned: 
26

2021-11-01 10:23:00,330:DEBUG:PluginHandler:Batterystats: duo (520045b34a5f357f, Android 8.0.0, API level 26): Start profiling
2021-11-01 10:23:00,445:DEBUG:AndroidRunner.Adb:520045b34a5f357f: "dumpsys batterystats --reset" returned: 
Battery stats reset.

2021-11-01 10:23:00,509:DEBUG:AndroidRunner.Adb:520045b34a5f357f: "getprop ro.build.version.release" returned: 
8.0.0

2021-11-01 10:23:00,578:DEBUG:AndroidRunner.Adb:520045b34a5f357f: "getprop ro.build.version.sdk" returned: 
26

2021-11-01 10:23:00,579:DEBUG:Scripts:Running hook interaction on device duo (520045b34a5f357f, Android 8.0.0, API level 26)
args: (<AndroidRunner.NativeExperiment.NativeExperiment object at 0xb3b02110>,)
kwargs: {}
2021-11-01 10:23:00,591:INFO:Python3:interaction.py
2021-11-01 10:23:00,680:DEBUG:AndroidRunner.Adb:520045b34a5f357f: "dumpsys activity recents | grep "Recent #0" | cut -d "=" -f2 | grep -o -p "[a-z|.]*"" returned: 
tv.twitch.android.app


2021-11-01 10:23:00,680:DEBUG:Device:Current activity: tv.twitch.android.app
2021-11-01 10:26:00,781:DEBUG:Python3:interaction.py returned None
2021-11-01 10:26:50,835:INFO:Profilers:Stop profiling
2021-11-01 10:26:50,901:DEBUG:AndroidRunner.Adb:520045b34a5f357f: "getprop ro.build.version.release" returned: 
8.0.0

2021-11-01 10:26:50,964:DEBUG:AndroidRunner.Adb:520045b34a5f357f: "getprop ro.build.version.sdk" returned: 
26

2021-11-01 10:26:50,964:DEBUG:PluginHandler:Batterystats: duo (520045b34a5f357f, Android 8.0.0, API level 26): Stop profiling
2021-11-01 10:26:51,040:DEBUG:AndroidRunner.Adb:520045b34a5f357f: "dumpsys activity recents | grep "Recent #0" | cut -d "=" -f2 | grep -o -p "[a-z|.]*"" returned: 
tv.twitch.android.app


2021-11-01 10:26:51,041:DEBUG:Device:Current activity: tv.twitch.android.app
2021-11-01 10:26:51,099:DEBUG:AndroidRunner.Adb:520045b34a5f357f: "getprop ro.build.version.release" returned: 
8.0.0

2021-11-01 10:26:51,157:DEBUG:AndroidRunner.Adb:520045b34a5f357f: "getprop ro.build.version.sdk" returned: 
26

2021-11-01 10:26:51,158:DEBUG:Scripts:Running hook before_close on device duo (520045b34a5f357f, Android 8.0.0, API level 26)
args: ('520045b34a5f357f', 'tv.twitch.android.app')
kwargs: {}
2021-11-01 10:26:51,169:INFO:Python3:before_close.py
2021-11-01 10:26:51,170:DEBUG:Python3:before_close.py returned None
2021-11-01 10:26:51,327:DEBUG:AndroidRunner.Adb:520045b34a5f357f: "am force-stop tv.twitch.android.app" returned: 

2021-11-01 10:26:54,417:DEBUG:AndroidRunner.Adb:520045b34a5f357f: "getprop ro.build.version.release" returned: 
8.0.0

2021-11-01 10:26:54,480:DEBUG:AndroidRunner.Adb:520045b34a5f357f: "getprop ro.build.version.sdk" returned: 
26

2021-11-01 10:26:54,481:DEBUG:Scripts:Running hook after_run on device duo (520045b34a5f357f, Android 8.0.0, API level 26)
args: ()
kwargs: {}
2021-11-01 10:26:54,492:INFO:Python3:after_run.py
2021-11-01 10:26:55,193:DEBUG:AndroidRunner.Adb:520045b34a5f357f: "input tap 600 1000" returned: 

2021-11-01 10:26:55,194:DEBUG:Python3:after_run.py returned None
2021-11-01 10:26:55,198:INFO:Profilers:Collecting results
2021-11-01 10:26:55,270:DEBUG:AndroidRunner.Adb:520045b34a5f357f: "getprop ro.build.version.release" returned: 
8.0.0

2021-11-01 10:26:55,341:DEBUG:AndroidRunner.Adb:520045b34a5f357f: "getprop ro.build.version.sdk" returned: 
26

2021-11-01 10:26:55,342:DEBUG:PluginHandler:Batterystats: duo (520045b34a5f357f, Android 8.0.0, API level 26): Collecting data
2021-11-01 10:26:55,401:DEBUG:AndroidRunner.Adb:520045b34a5f357f: "getprop ro.build.version.sdk" returned: 
26

2021-11-01 10:26:59,172:DEBUG:AndroidRunner.Adb:520045b34a5f357f: "logcat -f /mnt/sdcard/logcat.txt -d" returned: 

2021-11-01 10:27:00,424:DEBUG:AndroidRunner.Adb:520045b34a5f357f: "rm -f /mnt/sdcard/logcat.txt" returned: 

2021-11-01 10:27:00,562:DEBUG:AndroidRunner.Adb:520045b34a5f357f: "dumpsys batterystats --history" returned: 
Battery History (0% used, 444 used of 512KB, 7 strings using 342):
                    0 (14) RESET:TIME: 2021-11-01-11-23-05
                    0 (1) 100 status=full health=good plug=none temp=251 volt=4264 current=141 ap_temp=30 pst_temp=26 bat_temp=25 chg_temp=0 pa_temp=0 misc_event=0 online=4 current_event=0 charge=0 +running +wake_lock +wifi_multicast +wifi_radio +screen phone_state=emergency phone_signal_strength=great +wifi_running +wifi wifi_signal_strength=4 wifi_suppl=completed +ble_scan
                    0 (2) 100 fg=u0a160:"com.egorovandreyrm.pcapremote"
                    0 (2) 100 fg=u0a22:"com.sec.android.app.samsungapps"
                    0 (2) 100 top=u0a161:"tv.twitch.android.app"
                    0 (2) 100 user=0:"0"
                    0 (2) 100 userfg=0:"0"
                +27ms (3) 100 +audio stats=0:"dump"
             +7s881ms (3) 100 current=144 ap_temp=30 pst_temp=26 bat_temp=25 chg_temp=0 pa_temp=0
            +17s895ms (3) 100 current=152 ap_temp=29 pst_temp=26 bat_temp=25 chg_temp=0 pa_temp=0
            +27s951ms (3) 100 current=174 ap_temp=29 pst_temp=26 bat_temp=25 chg_temp=0 pa_temp=0
            +37s973ms (3) 100 current=168 ap_temp=30 pst_temp=27 bat_temp=25 chg_temp=0 pa_temp=0
            +47s990ms (3) 100 current=165 ap_temp=30 pst_temp=27 bat_temp=25 chg_temp=0 pa_temp=0
            +58s013ms (3) 100 current=156 ap_temp=30 pst_temp=27 bat_temp=25 chg_temp=0 pa_temp=0
          +1m00s295ms (2) 100 +longwake=u0a161:"AudioMix"
          +1m08s035ms (3) 100 current=163 ap_temp=30 pst_temp=27 bat_temp=25 chg_temp=0 pa_temp=0
          +1m18s055ms (3) 100 current=146 ap_temp=30 pst_temp=28 bat_temp=25 chg_temp=0 pa_temp=0
          +1m28s091ms (3) 100 current=160 ap_temp=30 pst_temp=28 bat_temp=25 chg_temp=0 pa_temp=0
          +1m38s113ms (3) 100 current=144 ap_temp=30 pst_temp=28 bat_temp=25 chg_temp=0 pa_temp=0
          +1m48s136ms (3) 100 current=140 ap_temp=31 pst_temp=28 bat_temp=25 chg_temp=0 pa_temp=0
          +1m58s161ms (3) 100 current=135 ap_temp=31 pst_temp=29 bat_temp=25 chg_temp=0 pa_temp=0
          +2m08s198ms (3) 100 current=153 ap_temp=31 pst_temp=29 bat_temp=25 chg_temp=0 pa_temp=0
          +2m18s218ms (3) 100 current=148 ap_temp=31 pst_temp=29 bat_temp=25 chg_temp=0 pa_temp=0
          +2m28s243ms (3) 100 current=147 ap_temp=31 pst_temp=29 bat_temp=25 chg_temp=0 pa_temp=0
          +2m38s270ms (3) 100 current=131 ap_temp=31 pst_temp=29 bat_temp=25 chg_temp=0 pa_temp=0
          +2m48s288ms (3) 100 current=138 ap_temp=31 pst_temp=30 bat_temp=25 chg_temp=0 pa_temp=0
          +2m58s309ms (3) 100 current=148 ap_temp=31 pst_temp=30 bat_temp=25 chg_temp=0 pa_temp=0
          +3m08s338ms (3) 100 current=127 ap_temp=31 pst_temp=30 bat_temp=25 chg_temp=0 pa_temp=0
          +3m18s360ms (3) 100 current=137 ap_temp=31 pst_temp=30 bat_temp=25 chg_temp=0 pa_temp=0
          +3m28s386ms (3) 100 current=142 ap_temp=31 pst_temp=30 bat_temp=25 chg_temp=0 pa_temp=0
          +3m38s410ms (3) 100 current=144 ap_temp=31 pst_temp=30 bat_temp=25 chg_temp=0 pa_temp=0
          +3m48s425ms (3) 100 current=66 ap_temp=31 pst_temp=30 bat_temp=25 chg_temp=0 pa_temp=0
          +3m50s915ms (2) 100 -top=u0a161:"tv.twitch.android.app"
          +3m50s915ms (3) 100 -audio +top=u0a74:"com.sec.android.app.launcher"
          +3m51s170ms (2) 100 -longwake=u0a161:"AudioMix"
          +3m58s456ms (3) 100 current=-312 ap_temp=32 pst_temp=30 bat_temp=25 chg_temp=0 pa_temp=0
          +4m00s142ms (2) 100 stats=0:"dump"


2021-11-01 10:27:00,752:DEBUG:AndroidRunner.Adb:520045b34a5f357f: "dumpsys batterystats | grep "Computed drain:"" returned: 
    Capacity: 3000, Computed drain: 106, actual drain: 0

2021-11-01 10:27:00,875:DEBUG:AndroidRunner.Adb:520045b34a5f357f: "dumpsys batterystats | grep "volt="" returned: 
                    0 (1) 100 status=full health=good plug=none temp=251 volt=4264 current=141 ap_temp=30 pst_temp=26 bat_temp=25 chg_temp=0 pa_temp=0 misc_event=0 online=4 current_event=0 charge=0 +running +wake_lock +wifi_multicast +wifi_radio +screen phone_state=emergency phone_signal_strength=great +wifi_running +wifi wifi_signal_strength=4 wifi_suppl=completed +ble_scan

2021-11-01 10:27:18,718:DEBUG:AndroidRunner.Adb:520045b34a5f357f: "cat /proc/cpuinfo | grep processor | wc -l" returned: 
8

2021-11-01 10:27:18,774:INFO:NativeExperiment:Sleeping for 5000 milliseconds
2021-11-01 10:27:23,785:INFO:Profilers:Setting output
2021-11-01 10:27:23,786:DEBUG:PluginHandler:Batterystats: Setting output: /media/external/android-runner/examples/VideoStreaming/output/2021.11.01_102201/data/duo/tv-twitch-android-app/batterystats
2021-11-01 10:27:23,786:INFO:NativeExperiment:Run 2/30 of subject "tv.twitch.android.app" on duo
2021-11-01 10:27:23,995:DEBUG:AndroidRunner.Adb:520045b34a5f357f: "logcat -c" returned: 

2021-11-01 10:27:23,995:INFO:NativeExperiment:Logcat cleared
2021-11-01 10:27:24,062:DEBUG:AndroidRunner.Adb:520045b34a5f357f: "getprop ro.build.version.release" returned: 
8.0.0

2021-11-01 10:27:24,133:DEBUG:AndroidRunner.Adb:520045b34a5f357f: "getprop ro.build.version.sdk" returned: 
26

2021-11-01 10:27:24,134:DEBUG:Scripts:Running hook before_run on device duo (520045b34a5f357f, Android 8.0.0, API level 26)
args: ()
kwargs: {}
2021-11-01 10:27:24,145:INFO:Python3:before_run.py
2021-11-01 10:27:25,040:DEBUG:AndroidRunner.Adb:520045b34a5f357f: "input tap 670 88" returned: 

2021-11-01 10:28:09,841:DEBUG:AndroidRunner.Adb:520045b34a5f357f: "input tap 670 88" returned: 

2021-11-01 10:28:10,541:DEBUG:AndroidRunner.Adb:520045b34a5f357f: "input tap 670 88" returned: 

2021-11-01 10:28:11,249:DEBUG:AndroidRunner.Adb:520045b34a5f357f: "input tap 85 637" returned: 

2021-11-01 10:28:15,954:DEBUG:AndroidRunner.Adb:520045b34a5f357f: "input tap 650 1232" returned: 

2021-11-01 10:28:19,960:DEBUG:Python3:before_run.py returned None
2021-11-01 10:28:20,731:DEBUG:AndroidRunner.Adb:520045b34a5f357f: "monkey -p tv.twitch.android.app 1" returned: 
  bash arg: -p
  bash arg: tv.twitch.android.app
  bash arg: 1
args: [-p, tv.twitch.android.app, 1]
 arg: "-p"
 arg: "tv.twitch.android.app"
 arg: "1"
data="tv.twitch.android.app"
Events injected: 1
## Network stats: elapsed time=28ms (0ms mobile, 0ms wifi, 28ms not connected)

2021-11-01 10:28:21,824:DEBUG:AndroidRunner.Adb:520045b34a5f357f: "dumpsys activity recents | grep "Recent #0" | cut -d "=" -f2 | grep -o -p "[a-z|.]*"" returned: 
tv.twitch.android.app


2021-11-01 10:28:21,825:DEBUG:Device:Current activity: tv.twitch.android.app
2021-11-01 10:28:21,913:DEBUG:AndroidRunner.Adb:520045b34a5f357f: "getprop ro.build.version.release" returned: 
8.0.0

2021-11-01 10:28:21,973:DEBUG:AndroidRunner.Adb:520045b34a5f357f: "getprop ro.build.version.sdk" returned: 
26

2021-11-01 10:28:21,974:DEBUG:Scripts:Running hook after_launch on device duo (520045b34a5f357f, Android 8.0.0, API level 26)
args: ('520045b34a5f357f', 'tv.twitch.android.app')
kwargs: {}
2021-11-01 10:28:21,985:INFO:Python3:after_launch.py
2021-11-01 10:28:21,986:DEBUG:Python3:after_launch.py returned None
2021-11-01 10:28:21,990:INFO:Profilers:Start profiling
2021-11-01 10:28:22,045:DEBUG:AndroidRunner.Adb:520045b34a5f357f: "getprop ro.build.version.release" returned: 
8.0.0

2021-11-01 10:28:22,098:DEBUG:AndroidRunner.Adb:520045b34a5f357f: "getprop ro.build.version.sdk" returned: 
26

2021-11-01 10:28:22,098:DEBUG:PluginHandler:Batterystats: duo (520045b34a5f357f, Android 8.0.0, API level 26): Start profiling
2021-11-01 10:28:22,197:DEBUG:AndroidRunner.Adb:520045b34a5f357f: "dumpsys batterystats --reset" returned: 
Battery stats reset.

2021-11-01 10:28:22,261:DEBUG:AndroidRunner.Adb:520045b34a5f357f: "getprop ro.build.version.release" returned: 
8.0.0

2021-11-01 10:28:22,324:DEBUG:AndroidRunner.Adb:520045b34a5f357f: "getprop ro.build.version.sdk" returned: 
26

2021-11-01 10:28:22,325:DEBUG:Scripts:Running hook interaction on device duo (520045b34a5f357f, Android 8.0.0, API level 26)
args: (<AndroidRunner.NativeExperiment.NativeExperiment object at 0xb3b02110>,)
kwargs: {}
2021-11-01 10:28:22,337:INFO:Python3:interaction.py
2021-11-01 10:28:22,419:DEBUG:AndroidRunner.Adb:520045b34a5f357f: "dumpsys activity recents | grep "Recent #0" | cut -d "=" -f2 | grep -o -p "[a-z|.]*"" returned: 
tv.twitch.android.app


2021-11-01 10:28:22,420:DEBUG:Device:Current activity: tv.twitch.android.app
2021-11-01 10:29:01,440:DEBUG:AndroidRunner.Adb:520045b34a5f357f: "dumpsys battery reset" returned: 

2021-11-01 10:29:01,441:INFO:Profilers:Stop profiling
2021-11-01 10:29:01,508:DEBUG:AndroidRunner.Adb:520045b34a5f357f: "getprop ro.build.version.release" returned: 
8.0.0

2021-11-01 10:29:01,600:DEBUG:AndroidRunner.Adb:520045b34a5f357f: "getprop ro.build.version.sdk" returned: 
26

2021-11-01 10:29:01,601:DEBUG:PluginHandler:Batterystats: duo (520045b34a5f357f, Android 8.0.0, API level 26): Stop profiling
2021-11-01 10:29:01,601:INFO:Profilers:Unloading
2021-11-01 10:29:01,663:DEBUG:AndroidRunner.Adb:520045b34a5f357f: "getprop ro.build.version.release" returned: 
8.0.0

2021-11-01 10:29:01,719:DEBUG:AndroidRunner.Adb:520045b34a5f357f: "getprop ro.build.version.sdk" returned: 
26

2021-11-01 10:29:01,720:DEBUG:PluginHandler:Batterystats: duo (520045b34a5f357f, Android 8.0.0, API level 26): Cleanup
2021-11-01 10:29:02,457:DEBUG:AndroidRunner.Adb:520045b34a5f357f: "pm list packages" returned: 
package:com.samsung.android.provider.filterprovider
package:com.monotype.android.font.rosemary
package:com.sec.android.app.DataCreate
package:com.android.cts.priv.ctsshim
package:com.gd.mobicore.pa
package:com.sec.android.widgetapp.samsungapps
package:com.google.android.youtube
package:com.samsung.android.app.galaxyfinder
package:com.sec.location.nsflp2
package:stericson.busybox
package:com.samsung.android.themestore
package:com.sec.android.app.chromecustomizations
package:com.google.android.ext.services
package:com.android.providers.telephony
package:com.sec.android.app.parser
package:com.samsung.android.applock
package:com.google.android.googlequicksearchbox
package:com.samsung.android.calendar
package:com.android.providers.calendar
package:com.osp.app.signin
package:com.samsung.clipboardsaveservice
package:com.sec.automation
package:com.android.providers.media
package:com.google.android.onetimeinitializer
package:com.sec.android.mimage.gear360editor
package:com.google.android.ext.shared
package:com.android.wallpapercropper
package:com.samsung.android.provider.shootingmodeprovider
package:com.samsung.android.wallpaper.res
package:com.samsung.android.app.withtv
package:com.samsung.android.smartmirroring
package:com.skms.android.agent
package:com.sec.android.app.safetyassurance
package:com.samsung.android.incallui
package:com.samsung.android.knox.containercore
package:com.sec.factory.camera
package:com.sec.vsimservice
package:org.simalliance.openmobileapi.service
package:com.sec.usbsettings
package:com.samsung.android.easysetup
package:com.android.documentsui
package:android.auto_generated_rro__
package:com.android.externalstorage
package:com.sec.android.easyonehand
package:com.sec.android.app.camerabokehservice
package:com.sec.factory
package:com.samsung.android.provider.stickerprovider
package:com.android.htmlviewer
package:com.android.companiondevicemanager
package:com.android.mms.service
package:com.samsung.android.rubin.app
package:com.sec.android.wallpapercropper2
package:com.android.providers.downloads
package:com.diotek.sec.lookup.dictionary
package:com.sec.android.easyMover.Agent
package:com.samsung.ucs.agent.boot
package:com.wsomacp
package:com.samsung.faceservice
package:com.monotype.android.font.foundation
package:com.sec.android.widgetapp.easymodecontactswidget
package:com.samsung.android.MtpApplication
package:com.sec.android.app.factorykeystring
package:com.sec.android.app.samsungapps
package:com.sec.android.emergencymode.service
package:com.google.android.configupdater
package:com.sec.android.app.wlantest
package:com.microsoft.office.excel
package:com.samsung.android.app.camera.sticker.facear.preload
package:com.sec.android.app.billing
package:com.sec.epdgtestapp
package:com.samsung.android.game.gamehome
package:com.android.defcontainer
package:com.sec.android.daemonapp
package:com.sec.ims
package:com.sec.sve
package:com.sec.enterprise.knox.attestation
package:com.android.providers.downloads.ui
package:com.android.vending
package:com.android.pacprocessor
package:com.dsi.ant.service.socket
package:com.sec.android.AutoPreconfig
package:com.microsoft.skydrive
package:com.samsung.android.SettingsReceiver
package:com.sec.android.app.soundalive
package:com.sec.android.providers.security
package:com.sec.android.provider.badge
package:com.android.certinstaller
package:com.samsung.android.securitylogagent
package:com.android.carrierconfig
package:com.google.android.marvin.talkback
package:com.samsung.android.knox.containeragent
package:com.samsung.android.app.assistantmenu
package:com.samsung.SMT
package:com.samsung.cmh
package:com.samsung.mlp
package:com.samsung.knox.securefolder.setuppage
package:com.sec.factory.iris.usercamera
package:android
package:com.samsung.knox.keychain
package:com.samsung.android.app.multiwindow
package:com.samsung.android.sm.devicesecurity
package:com.dsi.ant.sample.acquirechannels
package:com.android.egg
package:com.android.mtp
package:com.android.stk
package:com.samsung.android.messaging
package:com.android.backupconfirm
package:com.samsung.klmsagent
package:com.sec.android.app.SecSetupWizard
package:com.android.statementservice
package:com.google.android.gm
package:com.sec.android.app.hwmoduletest
package:com.sec.bcservice
package:com.sec.modem.settings
package:com.sec.android.app.sysscope
package:com.samsung.android.providers.context
package:com.sec.android.app.servicemodeapp
package:com.sec.android.preloadinstaller
package:com.sec.android.uibcvirtualsoftkey
package:com.google.android.setupwizard
package:com.samsung.android.sdk.professionalaudio.utility.jammonitor
package:com.sec.android.gallery3d
package:com.android.providers.settings
package:com.sec.imsservice
package:com.android.sharedstoragebackup
package:com.facebook.services
package:com.samsung.android.mobileservice
package:com.android.printspooler
package:com.samsung.storyservice
package:com.android.dreams.basic
package:com.android.inputdevices
package:com.samsung.knox.securefolder
package:com.android.bips
package:com.android.stk2
package:com.samsung.android.game.gametools
package:com.kingoapp.apk
package:com.samsung.android.app.simplesharing
package:com.samsung.android.da.daagent
package:com.samsung.android.app.reminder
package:com.samsung.android.timezone.autoupdate_O
package:com.samsung.android.smartcallprovider
package:com.google.android.apps.maps
package:com.sec.enterprise.mdm.vpn
package:com.dsi.ant.plugins.antplus
package:com.microsoft.office.word
package:com.samsung.advp.imssettings
package:com.samsung.android.location
package:com.sec.android.inputmethod
package:com.sec.android.app.clockpackage
package:com.sec.android.RilServiceModeApp
package:com.google.android.webview
package:com.sec.android.app.simsettingmgr
package:com.microsoft.office.powerpoint
package:com.android.server.telecom
package:com.google.android.syncadapters.contacts
package:com.samsung.crane
package:com.sec.imslogger
package:com.samsung.android.clipboarduiservice
package:com.android.keychain
package:com.android.chrome
package:com.samsung.android.themecenter
package:com.google.android.packageinstaller
package:com.google.android.gms
package:com.google.android.gsf
package:com.google.android.tts
package:android.autoinstalls.config.samsung
package:tv.twitch.android.app
package:com.android.calllogbackup
package:com.google.android.partnersetup
package:com.sec.android.diagmonagent
package:com.sec.spp.push
package:com.android.carrierdefaultapp
package:com.dsi.ant.server
package:com.sec.android.app.myfiles
package:com.android.proxyhandler
package:com.samsung.android.allshare.service.fileshare
package:com.sec.android.mimage.photoretouching
package:com.sec.android.app.launcher
package:flipboard.boxer.app
package:com.google.android.feedback
package:com.google.android.printservice.recommendation
package:com.google.android.syncadapters.calendar
package:com.android.managedprovisioning
package:com.samsung.android.authfw
package:com.monotype.android.font.chococooky
package:com.android.dreams.phototable
package:com.sec.android.service.health
package:com.samsung.safetyinformation
package:com.facebook.katana
package:com.samsung.android.dqagent
package:com.sec.android.app.ringtoneBR
package:com.android.providers.partnerbookmarks
package:com.samsung.android.app.accesscontrol
package:com.android.wallpaper.livepicker
package:com.samsung.android.beaconmanager
package:com.sec.enterprise.mdm.services.simpin
package:com.samsung.networkui
package:com.samsung.android.stickercenter
package:com.facebook.system
package:com.sec.android.soagent
package:com.samsung.android.fmm
package:com.samsung.android.mdm
package:com.samsung.android.rlc
package:com.sec.phone
package:com.google.android.backuptransport
package:com.samsung.android.samsungpass
package:com.android.storagemanager
package:com.samsung.android.scloud
package:com.samsung.android.app.soundpicker
package:com.sec.app.RilErrorNotifier
package:com.android.bookmarkprovider
package:com.linkedin.android
package:com.android.settings
package:com.samsung.app.newtrim
package:com.samsung.android.app.color
package:com.samsung.android.lool
package:com.sec.android.app.bluetoothtest
package:com.samsung.android.app.spage
package:com.egorovandreyrm.pcapremote
package:com.sec.android.emergencylauncher
package:com.sec.hearingadjust
package:com.samsung.android.dlp.service
package:com.samsung.android.bbc.bbcagent
package:com.knox.vpn.proxyhandler
package:com.android.cts.ctsshim
package:com.samsung.android.stickerplugin
package:com.sec.android.splitsound
package:com.wssnps
package:com.samsung.android.app.watchmanagerstub
package:com.samsung.android.svcagent
package:com.policydm
package:com.samsung.android.sdk.professionalaudio.app.audioconnectionservice
package:com.enhance.gameservice
package:com.samsung.android.shortcutbackupservice
package:com.android.vpndialogs
package:com.samsung.android.providers.contacts
package:com.samsung.dcmservice
package:com.android.phone
package:com.android.shell
package:com.android.wallpaperbackup
package:com.android.providers.blockednumber
package:com.samsung.android.app.omcagent
package:com.hiya.star
package:com.android.providers.userdictionary
package:com.sec.enterprise.knox.cloudmdm.smdms
package:com.samsung.android.app.camera.sticker.stamp.preload
package:com.android.emergency
package:com.wssyncmldm
package:com.android.location.fused
package:com.samsung.android.samsungpassautofill
package:com.sec.epdg
package:com.android.systemui
package:com.sec.android.app.personalization
package:com.monotype.android.font.cooljazz
package:com.android.bluetoothmidiservice
package:com.samsung.android.sdk.handwriting
package:com.facebook.appmanager
package:com.samsung.android.app.clockpack
package:com.quicinc.trepn
package:com.samsung.aasaservice
package:com.samsung.android.allshare.service.mediashare
package:com.sec.android.app.fm
package:com.sec.android.provider.emergencymode
package:com.samsung.android.fingerprint.service
package:com.sec.android.app.camera
package:com.android.bluetooth
package:com.samsung.android.contacts
package:com.sec.android.app.magnifier
package:com.sec.android.widgetapp.webmanual
package:com.samsung.sec.android.application.csc
package:com.android.captiveportallogin
package:com.samsung.upsmtheme
package:com.samsung.android.coreapps
package:com.samsung.android.app.dofviewer
package:com.samsung.android.bio.face.service
package:com.samsung.android.video

2021-11-01 10:29:02,458:ERROR:root:Experiment stopped by user. To continue, add progress file argument to experiment startup: --progress /media/external/android-runner/examples/VideoStreaming/output/2021.11.01_102201/progress.xml
